<?xml version="1.0" encoding="UTF-8"?>
<!-- Generated by org.testng.reporters.JUnitReportReporter -->
<testsuite hostname="DESKTOP-MP58OJN" failures="0" tests="5" name="SampleTestCases" time="0.014" errors="0" timestamp="16 Jul 2024 10:34:34 GMT" skipped="0">
  <testcase classname="SampleTestCases" name="test2" time="0.001"/>
  <testcase classname="SampleTestCases" name="test4" time="0.001"/>
  <testcase classname="SampleTestCases" name="test3" time="0.001"/>
  <testcase classname="SampleTestCases" name="test1" time="0.010"/>
  <testcase classname="SampleTestCases" name="test5" time="0.001"/>
</testsuite> <!-- SampleTestCases -->
