<?xml version="1.0" encoding="UTF-8"?>
<!-- Generated by org.testng.reporters.JUnitReportReporter -->
<testsuite hostname="DESKTOP-MP58OJN" failures="0" tests="5" name="RegressionTestCases" time="0.013" errors="0" timestamp="16 Jul 2024 11:18:12 GMT" skipped="0">
  <testcase classname="RegressionTestCases" name="test5" time="0.001"/>
  <testcase classname="RegressionTestCases" name="test4" time="0.001"/>
  <testcase classname="RegressionTestCases" name="test1" time="0.009"/>
  <testcase classname="RegressionTestCases" name="test2" time="0.001"/>
  <testcase classname="RegressionTestCases" name="test3" time="0.001"/>
</testsuite> <!-- RegressionTestCases -->
