<?xml version="1.0" encoding="UTF-8"?>
<!-- Generated by org.testng.reporters.JUnitReportReporter -->
<testsuite hostname="DESKTOP-MP58OJN" failures="0" tests="4" name="SmokeTestCases" time="0.011" errors="0" timestamp="16 Jul 2024 11:18:19 GMT" skipped="0">
  <testcase classname="SmokeTestCases" name="test5" time="0.001"/>
  <testcase classname="SmokeTestCases" name="test1" time="0.009"/>
  <testcase classname="SmokeTestCases" name="test2" time="0.001"/>
  <testcase classname="SmokeTestCases" name="test3" time="0.000"/>
</testsuite> <!-- SmokeTestCases -->
