<?xml version="1.0" encoding="UTF-8"?>
<!-- Generated by org.testng.reporters.JUnitReportReporter -->
<testsuite hostname="DESKTOP-MP58OJN" failures="0" tests="4" name="TestngTestCases" time="0.011" errors="0" timestamp="16 Jul 2024 11:19:35 GMT" skipped="0">
  <testcase classname="TestngTestCases" name="test5" time="0.000"/>
  <testcase classname="TestngTestCases" name="test1" time="0.008"/>
  <testcase classname="TestngTestCases" name="test2" time="0.002"/>
  <testcase classname="TestngTestCases" name="test3" time="0.001"/>
</testsuite> <!-- TestngTestCases -->
