<?xml version="1.0" encoding="UTF-8"?>
<!-- Generated by org.testng.reporters.JUnitReportReporter -->
<testsuite hostname="DESKTOP-MP58OJN" failures="0" tests="5" name="TestngTestCases" time="0.006" errors="0" timestamp="2024-07-16T17:30:59 IST" skipped="0">
  <testcase classname="TestngTestCases" name="test2" time="0.000"/>
  <testcase classname="TestngTestCases" name="test1" time="0.005"/>
  <testcase classname="TestngTestCases" name="test3" time="0.001"/>
  <testcase classname="TestngTestCases" name="test4" time="0.000"/>
  <testcase classname="TestngTestCases" name="test5" time="0.000"/>
</testsuite> <!-- TestngTestCases -->
